<?xml version="1.0" encoding="UTF-8"?>
<!-- Generated by org.testng.reporters.JUnitReportReporter -->
<testsuite ignored="4" hostname="LTIN593363" failures="0" tests="8" name="mainclasses.UsedCarTest" time="7.457" errors="0" timestamp="16 May 2025 04:58:14 GMT" skipped="0">
  <testcase classname="mainclasses.UsedCarTest" name="menuDropdownClickable" time="0.841"/>
  <testcase classname="mainclasses.UsedCarTest" name="verifyCityFilterOpens" time="0.058"/>
  <testcase classname="mainclasses.UsedCarTest" name="writePopularModelsToExcel" time="0.764"/>
  <testcase classname="mainclasses.UsedCarTest" name="citySelection" time="0.837"/>
  <testcase classname="mainclasses.UsedCarTest" name="verifyPopularModelsDisplayed" time="0.072"/>
  <testcase classname="mainclasses.UsedCarTest" name="usedCarsClickable" time="2.318"/>
  <testcase classname="mainclasses.UsedCarTest" name="usedCarsPresent" time="1.231"/>
  <testcase classname="mainclasses.UsedCarTest" name="dropdownDisplaysOptions" time="1.336"/>
  <testcase classname="mainclasses.ReportGeneration" name="setupExtentReports">
    <skipped/>
  </testcase> <!-- setupExtentReports -->
  <testcase classname="mainclasses.ReportGeneration" name="setupExtentReports">
    <skipped/>
  </testcase> <!-- setupExtentReports -->
  <testcase classname="mainclasses.ReportGeneration" name="tearDownExtentReports">
    <skipped/>
  </testcase> <!-- tearDownExtentReports -->
  <testcase classname="mainclasses.ReportGeneration" name="tearDownExtentReports">
    <skipped/>
  </testcase> <!-- tearDownExtentReports -->
</testsuite> <!-- mainclasses.UsedCarTest -->
