<?xml version="1.0" encoding="UTF-8"?>
<!-- Generated by org.testng.reporters.JUnitReportReporter -->
<testsuite ignored="4" hostname="LTIN593363" failures="0" tests="8" name="mainclasses.UpcomingBikeTest" time="8.713" errors="0" timestamp="16 May 2025 04:58:14 GMT" skipped="0">
  <testcase classname="mainclasses.UpcomingBikeTest" name="getPrices" time="0.167"/>
  <testcase classname="mainclasses.UpcomingBikeTest" name="getLaunchDates" time="0.577"/>
  <testcase classname="mainclasses.UpcomingBikeTest" name="searchForUpcomingBikes" time="0.830"/>
  <testcase classname="mainclasses.UpcomingBikeTest" name="writeUpcomingToExcel" time="2.173"/>
  <testcase classname="mainclasses.UpcomingBikeTest" name="searchForAllUpcomingBikes" time="0.786"/>
  <testcase classname="mainclasses.UpcomingBikeTest" name="searchForHondaBikes" time="0.660"/>
  <testcase classname="mainclasses.UpcomingBikeTest" name="searchForNewBikes" time="3.275"/>
  <testcase classname="mainclasses.UpcomingBikeTest" name="getNames" time="0.245"/>
  <testcase classname="mainclasses.ReportGeneration" name="setupExtentReports">
    <skipped/>
  </testcase> <!-- setupExtentReports -->
  <testcase classname="mainclasses.ReportGeneration" name="setupExtentReports">
    <skipped/>
  </testcase> <!-- setupExtentReports -->
  <testcase classname="mainclasses.ReportGeneration" name="tearDownExtentReports">
    <skipped/>
  </testcase> <!-- tearDownExtentReports -->
  <testcase classname="mainclasses.ReportGeneration" name="tearDownExtentReports">
    <skipped/>
  </testcase> <!-- tearDownExtentReports -->
</testsuite> <!-- mainclasses.UpcomingBikeTest -->
