<?xml version="1.0" encoding="UTF-8"?>
<!-- Generated by org.testng.reporters.JUnitReportReporter -->
<testsuite ignored="4" hostname="LTIN593363" failures="0" tests="1" name="mainclasses.LoginTest" time="7.739" errors="0" timestamp="16 May 2025 04:58:13 GMT" skipped="0">
  <testcase classname="mainclasses.LoginTest" name="testInvalidLogin" time="7.739"/>
  <testcase classname="mainclasses.ReportGeneration" name="setupExtentReports">
    <skipped/>
  </testcase> <!-- setupExtentReports -->
  <testcase classname="mainclasses.ReportGeneration" name="setupExtentReports">
    <skipped/>
  </testcase> <!-- setupExtentReports -->
  <testcase classname="mainclasses.ReportGeneration" name="tearDownExtentReports">
    <skipped/>
  </testcase> <!-- tearDownExtentReports -->
  <testcase classname="mainclasses.ReportGeneration" name="tearDownExtentReports">
    <skipped/>
  </testcase> <!-- tearDownExtentReports -->
</testsuite> <!-- mainclasses.LoginTest -->
